#
# There is insufficient memory for the Java Runtime Environment to continue.
# Native memory allocation (mmap) failed to map 65536 bytes for Failed to commit metaspace.
# Possible reasons:
#   The system is out of physical RAM or swap space
#   The process is running with CompressedOops enabled, and the Java Heap may be blocking the growth of the native heap
# Possible solutions:
#   Reduce memory load on the system
#   Increase physical memory or swap space
#   Check if swap backing store is full
#   Decrease Java heap size (-Xmx/-Xms)
#   Decrease number of Java threads
#   Decrease Java thread stack sizes (-Xss)
#   Set larger code cache with -XX:ReservedCodeCacheSize=
#   JVM is running with Unscaled Compressed Oops mode in which the Java heap is
#     placed in the first 4GB address space. The Java Heap base address is the
#     maximum limit for the native heap growth. Please use -XX:HeapBaseMinAddress
#     to set the Java Heap base and to place the Java Heap above 4GB virtual address.
# This output file may be truncated or incomplete.
#
#  Out of Memory Error (virtualSpaceNode.cpp:110), pid=8884, tid=2844
#
# JRE version: Java(TM) SE Runtime Environment (17.0.2+8) (build 17.0.2+8-LTS-86)
# Java VM: Java HotSpot(TM) 64-Bit Server VM (17.0.2+8-LTS-86, mixed mode, sharing, tiered, compressed oops, compressed class ptrs, g1 gc, windows-amd64)
# No core dump will be written. Minidumps are not enabled by default on client versions of Windows
#

---------------  S U M M A R Y ------------

Command Line: -Dfile.encoding=UTF-8 --module-path=%PATH_TO_FX%\lib --add-modules=javafx.controls,javafx.fxml,javafx.graphics --module-path=C:\Users\Océane\Downloads\Jeu2048-Cours06-L3-Patterns-Netbeans14\Jeu2048-Cours06-L3-Patterns-Netbeans14\build\classes;C:\Users\Océane\Downloads\openjfx-19_windows-x64_bin-sdk\javafx-sdk-19\lib\javafx-swt.jar;C:\Users\Océane\Downloads\openjfx-19_windows-x64_bin-sdk\javafx-sdk-19\lib\javafx.base.jar;C:\Users\Océane\Downloads\openjfx-19_windows-x64_bin-sdk\javafx-sdk-19\lib\javafx.controls.jar;C:\Users\Océane\Downloads\openjfx-19_windows-x64_bin-sdk\javafx-sdk-19\lib\javafx.fxml.jar;C:\Users\Océane\Downloads\openjfx-19_windows-x64_bin-sdk\javafx-sdk-19\lib\javafx.graphics.jar;C:\Users\Océane\Downloads\openjfx-19_windows-x64_bin-sdk\javafx-sdk-19\lib\javafx.media.jar;C:\Users\Océane\Downloads\openjfx-19_windows-x64_bin-sdk\javafx-sdk-19\lib\javafx.swing.jar;C:\Users\Océane\Downloads\openjfx-19_windows-x64_bin-sdk\javafx-sdk-19\lib\javafx.web.jar application.Main

Host: Intel(R) Celeron(R) CPU  N3060  @ 1.60GHz, 2 cores, 3G,  Windows 10 , 64 bit Build 19041 (10.0.19041.2251)
Time: Fri Dec 16 16:54:49 2022 Paris, Madrid elapsed time: 4.237626 seconds (0d 0h 0m 4s)

---------------  T H R E A D  ---------------

Current thread (0x000001a3e30dc540):  JavaThread "JavaFX Application Thread" [_thread_in_vm, id=2844, stack(0x0000004735a00000,0x0000004735b00000)]

Stack: [0x0000004735a00000,0x0000004735b00000]
Native frames: (J=compiled Java code, j=interpreted, Vv=VM code, C=native code)
V  [jvm.dll+0x670baa]
V  [jvm.dll+0x7cfcb4]
V  [jvm.dll+0x7d145e]
V  [jvm.dll+0x7d1ac3]
V  [jvm.dll+0x242bc5]
V  [jvm.dll+0x7cbc5b]
V  [jvm.dll+0x616966]
V  [jvm.dll+0x6169ca]
V  [jvm.dll+0x6191da]
V  [jvm.dll+0x617306]
V  [jvm.dll+0x238556]
V  [jvm.dll+0x1e880d]
V  [jvm.dll+0x1de251]
V  [jvm.dll+0x537c30]
V  [jvm.dll+0x1eea37]
V  [jvm.dll+0x74a15b]
V  [jvm.dll+0x74b502]
V  [jvm.dll+0x74b838]
V  [jvm.dll+0x23af1e]
V  [jvm.dll+0x23b16f]
V  [jvm.dll+0x555aa8]
V  [jvm.dll+0x558910]
V  [jvm.dll+0x37f357]
V  [jvm.dll+0x37e9af]
C  0x000001a3ce9ea25f

Java frames: (J=compiled Java code, j=interpreted, Vv=VM code)
j  javax.xml.stream.XMLInputFactory.newInstance()Ljavax/xml/stream/XMLInputFactory;+4 java.xml@17.0.2
j  javafx.fxml.FXMLLoader.loadImpl(Ljava/io/InputStream;Ljava/lang/Class;)Ljava/lang/Object;+71 javafx.fxml@19
j  javafx.fxml.FXMLLoader.loadImpl(Ljava/lang/Class;)Ljava/lang/Object;+31 javafx.fxml@19
j  javafx.fxml.FXMLLoader.loadImpl(Ljava/net/URL;Ljava/util/ResourceBundle;Ljavafx/util/BuilderFactory;Ljavafx/util/Callback;Ljava/nio/charset/Charset;Ljava/lang/Class;)Ljava/lang/Object;+34 javafx.fxml@19
j  javafx.fxml.FXMLLoader.loadImpl(Ljava/net/URL;Ljava/util/ResourceBundle;Ljavafx/util/BuilderFactory;Ljavafx/util/Callback;Ljava/lang/Class;)Ljava/lang/Object;+11 javafx.fxml@19
j  javafx.fxml.FXMLLoader.loadImpl(Ljava/net/URL;Ljava/util/ResourceBundle;Ljavafx/util/BuilderFactory;Ljava/lang/Class;)Ljava/lang/Object;+5 javafx.fxml@19
j  javafx.fxml.FXMLLoader.loadImpl(Ljava/net/URL;Ljava/util/ResourceBundle;Ljava/lang/Class;)Ljava/lang/Object;+4 javafx.fxml@19
j  javafx.fxml.FXMLLoader.loadImpl(Ljava/net/URL;Ljava/lang/Class;)Ljava/lang/Object;+3 javafx.fxml@19
j  javafx.fxml.FXMLLoader.load(Ljava/net/URL;)Ljava/lang/Object;+17 javafx.fxml@19
j  application.Main.start(Ljavafx/stage/Stage;)V+9
j  com.sun.javafx.application.LauncherImpl.lambda$launchApplication1$9(Ljava/util/concurrent/atomic/AtomicBoolean;Ljavafx/application/Application;)V+20 javafx.graphics@19
j  com.sun.javafx.application.LauncherImpl$$Lambda$103+0x0000000800c3e568.run()V+8 javafx.graphics@19
j  com.sun.javafx.application.PlatformImpl.lambda$runAndWait$12(Ljava/lang/Runnable;Ljava/util/concurrent/CountDownLatch;)V+1 javafx.graphics@19
j  com.sun.javafx.application.PlatformImpl$$Lambda$96+0x0000000800c3c220.run()V+8 javafx.graphics@19
j  com.sun.javafx.application.PlatformImpl.lambda$runLater$10(Ljava/lang/Runnable;)Ljava/lang/Void;+1 javafx.graphics@19
j  com.sun.javafx.application.PlatformImpl$$Lambda$98+0x0000000800c3d0a8.run()Ljava/lang/Object;+4 javafx.graphics@19
j  java.security.AccessController.executePrivileged(Ljava/security/PrivilegedAction;Ljava/security/AccessControlContext;Ljava/lang/Class;)Ljava/lang/Object;+29 java.base@17.0.2
j  java.security.AccessController.doPrivileged(Ljava/security/PrivilegedAction;Ljava/security/AccessControlContext;)Ljava/lang/Object;+13 java.base@17.0.2
j  com.sun.javafx.application.PlatformImpl.lambda$runLater$11(Ljava/lang/Runnable;Ljava/security/AccessControlContext;)V+7 javafx.graphics@19
j  com.sun.javafx.application.PlatformImpl$$Lambda$97+0x0000000800c3c440.run()V+8 javafx.graphics@19
j  com.sun.glass.ui.InvokeLaterDispatcher$Future.run()V+4 javafx.graphics@19
v  ~StubRoutines::call_stub
j  com.sun.glass.ui.win.WinApplication._runLoop(Ljava/lang/Runnable;)V+0 javafx.graphics@19
j  com.sun.glass.ui.win.WinApplication.lambda$runLoop$3(ILjava/lang/Runnable;)V+8 javafx.graphics@19
j  com.sun.glass.ui.win.WinApplication$$Lambda$86+0x0000000800c2b7b8.run()V+12 javafx.graphics@19
j  java.lang.Thread.run()V+11 java.base@17.0.2
v  ~StubRoutines::call_stub

---------------  P R O C E S S  ---------------

Threads class SMR info:
_java_thread_list=0x000001a3e3040ab0, length=17, elements={
0x000001a3c7174160, 0x000001a3e1f2b760, 0x000001a3e1f2c5d0, 0x000001a3e1f3ebc0,
0x000001a3e1f3f570, 0x000001a3e1f3ff20, 0x000001a3e1f408d0, 0x000001a3e1f415b0,
0x000001a3e1f42050, 0x000001a3e1fbbec0, 0x000001a3e1f1bd60, 0x000001a3e3348790,
0x000001a3e2d0b270, 0x000001a3e30db540, 0x000001a3e30dc540, 0x000001a3e2ecbc70,
0x000001a3e302fa60
}
_to_delete_list=0x000001a3e3047860, length=16, elements={
0x000001a3c7174160, 0x000001a3e1f2b760, 0x000001a3e1f2c5d0, 0x000001a3e1f3ebc0,
0x000001a3e1f3f570, 0x000001a3e1f3ff20, 0x000001a3e1f408d0, 0x000001a3e1f415b0,
0x000001a3e1f42050, 0x000001a3e1fbbec0, 0x000001a3e1f1bd60, 0x000001a3e3348790,
0x000001a3e2d0b270, 0x000001a3e30db540, 0x000001a3e30dc540, 0x000001a3e2ecbc70
}

Java Threads: ( => current thread )
  0x000001a3c7174160 JavaThread "main" [_thread_blocked, id=7664, stack(0x0000004734300000,0x0000004734400000)]
  0x000001a3e1f2b760 JavaThread "Reference Handler" daemon [_thread_blocked, id=5656, stack(0x0000004734b00000,0x0000004734c00000)]
  0x000001a3e1f2c5d0 JavaThread "Finalizer" daemon [_thread_blocked, id=15940, stack(0x0000004734c00000,0x0000004734d00000)]
  0x000001a3e1f3ebc0 JavaThread "Signal Dispatcher" daemon [_thread_blocked, id=10880, stack(0x0000004734d00000,0x0000004734e00000)]
  0x000001a3e1f3f570 JavaThread "Attach Listener" daemon [_thread_blocked, id=2428, stack(0x0000004734e00000,0x0000004734f00000)]
  0x000001a3e1f3ff20 JavaThread "Service Thread" daemon [_thread_blocked, id=13964, stack(0x0000004734f00000,0x0000004735000000)]
  0x000001a3e1f408d0 JavaThread "Monitor Deflation Thread" daemon [_thread_blocked, id=836, stack(0x0000004735000000,0x0000004735100000)]
  0x000001a3e1f415b0 JavaThread "C2 CompilerThread0" daemon [_thread_blocked, id=652, stack(0x0000004735100000,0x0000004735200000)]
  0x000001a3e1f42050 JavaThread "C1 CompilerThread0" daemon [_thread_blocked, id=14432, stack(0x0000004735200000,0x0000004735300000)]
  0x000001a3e1fbbec0 JavaThread "Sweeper thread" daemon [_thread_blocked, id=924, stack(0x0000004735300000,0x0000004735400000)]
  0x000001a3e1f1bd60 JavaThread "Common-Cleaner" daemon [_thread_blocked, id=7580, stack(0x0000004735400000,0x0000004735500000)]
  0x000001a3e3348790 JavaThread "Notification Thread" daemon [_thread_blocked, id=15044, stack(0x0000004735600000,0x0000004735700000)]
  0x000001a3e2d0b270 JavaThread "QuantumRenderer-0" daemon [_thread_blocked, id=8396, stack(0x0000004735800000,0x0000004735900000)]
  0x000001a3e30db540 JavaThread "InvokeLaterDispatcher" daemon [_thread_blocked, id=14868, stack(0x0000004735900000,0x0000004735a00000)]
=>0x000001a3e30dc540 JavaThread "JavaFX Application Thread" [_thread_in_vm, id=2844, stack(0x0000004735a00000,0x0000004735b00000)]
  0x000001a3e2ecbc70 JavaThread "Thread-1" daemon [_thread_in_native, id=13248, stack(0x0000004735b00000,0x0000004735c00000)]
  0x000001a3e302fa60 JavaThread "JavaFX-Launcher" [_thread_blocked, id=11892, stack(0x0000004735c00000,0x0000004735d00000)]

Other Threads:
  0x000001a3c724e5d0 VMThread "VM Thread" [stack: 0x0000004734a00000,0x0000004734b00000] [id=15216]
  0x000001a3e2c22430 WatcherThread [stack: 0x0000004735700000,0x0000004735800000] [id=4592]
  0x000001a3c71a1d90 GCTaskThread "GC Thread#0" [stack: 0x0000004734500000,0x0000004734600000] [id=10480]
  0x000001a3e2f4d210 GCTaskThread "GC Thread#1" [stack: 0x0000004735500000,0x0000004735600000] [id=9416]
  0x000001a3c71aaa10 ConcurrentGCThread "G1 Main Marker" [stack: 0x0000004734600000,0x0000004734700000] [id=14428]
  0x000001a3c71ab420 ConcurrentGCThread "G1 Conc#0" [stack: 0x0000004734700000,0x0000004734800000] [id=13488]
  0x000001a3c71f1500 ConcurrentGCThread "G1 Refine#0" [stack: 0x0000004734800000,0x0000004734900000] [id=9840]
  0x000001a3c71f2060 ConcurrentGCThread "G1 Service" [stack: 0x0000004734900000,0x0000004734a00000] [id=10472]

Threads with active compile tasks:

VM state: not at safepoint (normal execution)

VM Mutex/Monitor currently owned by a thread:  ([mutex/lock_event])
[0x000001a3c716d390] Metaspace_lock - owner thread: 0x000001a3e30dc540

Heap address: 0x00000000c1600000, size: 1002 MB, Compressed Oops mode: 32-bit

CDS archive(s) mapped at: [0x0000000800000000-0x0000000800bc0000-0x0000000800bc0000), size 12320768, SharedBaseAddress: 0x0000000800000000, ArchiveRelocationMode: 0.
Compressed class space mapped at: 0x0000000800c00000-0x0000000840c00000, reserved size: 1073741824
Narrow klass base: 0x0000000800000000, Narrow klass shift: 0, Narrow klass range: 0x100000000

GC Precious Log:
 CPUs: 2 total, 2 available
 Memory: 4001M
 Large Page Support: Disabled
 NUMA Support: Disabled
 Compressed Oops: Enabled (32-bit)
 Heap Region Size: 1M
 Heap Min Capacity: 8M
 Heap Initial Capacity: 64M
 Heap Max Capacity: 1002M
 Pre-touch: Disabled
 Parallel Workers: 2
 Concurrent Workers: 1
 Concurrent Refinement Workers: 2
 Periodic GC: Disabled

Heap:
 garbage-first heap   total 65536K, used 2666K [0x00000000c1600000, 0x0000000100000000)
  region size 1024K, 4 young (4096K), 1 survivors (1024K)
 Metaspace       used 3542K, committed 3648K, reserved 1056768K
  class space    used 439K, committed 512K, reserved 1048576K

Heap Regions: E=young(eden), S=young(survivor), O=old, HS=humongous(starts), HC=humongous(continues), CS=collection set, F=free, OA=open archive, CA=closed archive, TAMS=top-at-mark-start (previous, next)
|   0|0x00000000c1600000, 0x00000000c16a7400, 0x00000000c1700000| 65%| O|  |TAMS 0x00000000c1600000, 0x00000000c1600000| Untracked 
|   1|0x00000000c1700000, 0x00000000c1700000, 0x00000000c1800000|  0%| F|  |TAMS 0x00000000c1700000, 0x00000000c1700000| Untracked 
|   2|0x00000000c1800000, 0x00000000c1800000, 0x00000000c1900000|  0%| F|  |TAMS 0x00000000c1800000, 0x00000000c1800000| Untracked 
|   3|0x00000000c1900000, 0x00000000c1900000, 0x00000000c1a00000|  0%| F|  |TAMS 0x00000000c1900000, 0x00000000c1900000| Untracked 
|   4|0x00000000c1a00000, 0x00000000c1a00000, 0x00000000c1b00000|  0%| F|  |TAMS 0x00000000c1a00000, 0x00000000c1a00000| Untracked 
|   5|0x00000000c1b00000, 0x00000000c1b00000, 0x00000000c1c00000|  0%| F|  |TAMS 0x00000000c1b00000, 0x00000000c1b00000| Untracked 
|   6|0x00000000c1c00000, 0x00000000c1c00000, 0x00000000c1d00000|  0%| F|  |TAMS 0x00000000c1c00000, 0x00000000c1c00000| Untracked 
|   7|0x00000000c1d00000, 0x00000000c1d00000, 0x00000000c1e00000|  0%| F|  |TAMS 0x00000000c1d00000, 0x00000000c1d00000| Untracked 
|   8|0x00000000c1e00000, 0x00000000c1e00000, 0x00000000c1f00000|  0%| F|  |TAMS 0x00000000c1e00000, 0x00000000c1e00000| Untracked 
|   9|0x00000000c1f00000, 0x00000000c1f00000, 0x00000000c2000000|  0%| F|  |TAMS 0x00000000c1f00000, 0x00000000c1f00000| Untracked 
|  10|0x00000000c2000000, 0x00000000c2000000, 0x00000000c2100000|  0%| F|  |TAMS 0x00000000c2000000, 0x00000000c2000000| Untracked 
|  11|0x00000000c2100000, 0x00000000c2100000, 0x00000000c2200000|  0%| F|  |TAMS 0x00000000c2100000, 0x00000000c2100000| Untracked 
|  12|0x00000000c2200000, 0x00000000c2200000, 0x00000000c2300000|  0%| F|  |TAMS 0x00000000c2200000, 0x00000000c2200000| Untracked 
|  13|0x00000000c2300000, 0x00000000c2300000, 0x00000000c2400000|  0%| F|  |TAMS 0x00000000c2300000, 0x00000000c2300000| Untracked 
|  14|0x00000000c2400000, 0x00000000c2400000, 0x00000000c2500000|  0%| F|  |TAMS 0x00000000c2400000, 0x00000000c2400000| Untracked 
|  15|0x00000000c2500000, 0x00000000c2500000, 0x00000000c2600000|  0%| F|  |TAMS 0x00000000c2500000, 0x00000000c2500000| Untracked 
|  16|0x00000000c2600000, 0x00000000c2600000, 0x00000000c2700000|  0%| F|  |TAMS 0x00000000c2600000, 0x00000000c2600000| Untracked 
|  17|0x00000000c2700000, 0x00000000c2700000, 0x00000000c2800000|  0%| F|  |TAMS 0x00000000c2700000, 0x00000000c2700000| Untracked 
|  18|0x00000000c2800000, 0x00000000c2800000, 0x00000000c2900000|  0%| F|  |TAMS 0x00000000c2800000, 0x00000000c2800000| Untracked 
|  19|0x00000000c2900000, 0x00000000c2900000, 0x00000000c2a00000|  0%| F|  |TAMS 0x00000000c2900000, 0x00000000c2900000| Untracked 
|  20|0x00000000c2a00000, 0x00000000c2a00000, 0x00000000c2b00000|  0%| F|  |TAMS 0x00000000c2a00000, 0x00000000c2a00000| Untracked 
|  21|0x00000000c2b00000, 0x00000000c2b00000, 0x00000000c2c00000|  0%| F|  |TAMS 0x00000000c2b00000, 0x00000000c2b00000| Untracked 
|  22|0x00000000c2c00000, 0x00000000c2c00000, 0x00000000c2d00000|  0%| F|  |TAMS 0x00000000c2c00000, 0x00000000c2c00000| Untracked 
|  23|0x00000000c2d00000, 0x00000000c2d00000, 0x00000000c2e00000|  0%| F|  |TAMS 0x00000000c2d00000, 0x00000000c2d00000| Untracked 
|  24|0x00000000c2e00000, 0x00000000c2e00000, 0x00000000c2f00000|  0%| F|  |TAMS 0x00000000c2e00000, 0x00000000c2e00000| Untracked 
|  25|0x00000000c2f00000, 0x00000000c2f00000, 0x00000000c3000000|  0%| F|  |TAMS 0x00000000c2f00000, 0x00000000c2f00000| Untracked 
|  26|0x00000000c3000000, 0x00000000c3000000, 0x00000000c3100000|  0%| F|  |TAMS 0x00000000c3000000, 0x00000000c3000000| Untracked 
|  27|0x00000000c3100000, 0x00000000c3100000, 0x00000000c3200000|  0%| F|  |TAMS 0x00000000c3100000, 0x00000000c3100000| Untracked 
|  28|0x00000000c3200000, 0x00000000c3200000, 0x00000000c3300000|  0%| F|  |TAMS 0x00000000c3200000, 0x00000000c3200000| Untracked 
|  29|0x00000000c3300000, 0x00000000c3300000, 0x00000000c3400000|  0%| F|  |TAMS 0x00000000c3300000, 0x00000000c3300000| Untracked 
|  30|0x00000000c3400000, 0x00000000c3400000, 0x00000000c3500000|  0%| F|  |TAMS 0x00000000c3400000, 0x00000000c3400000| Untracked 
|  31|0x00000000c3500000, 0x00000000c3500000, 0x00000000c3600000|  0%| F|  |TAMS 0x00000000c3500000, 0x00000000c3500000| Untracked 
|  32|0x00000000c3600000, 0x00000000c3600000, 0x00000000c3700000|  0%| F|  |TAMS 0x00000000c3600000, 0x00000000c3600000| Untracked 
|  33|0x00000000c3700000, 0x00000000c3700000, 0x00000000c3800000|  0%| F|  |TAMS 0x00000000c3700000, 0x00000000c3700000| Untracked 
|  34|0x00000000c3800000, 0x00000000c3800000, 0x00000000c3900000|  0%| F|  |TAMS 0x00000000c3800000, 0x00000000c3800000| Untracked 
|  35|0x00000000c3900000, 0x00000000c3900000, 0x00000000c3a00000|  0%| F|  |TAMS 0x00000000c3900000, 0x00000000c3900000| Untracked 
|  36|0x00000000c3a00000, 0x00000000c3a00000, 0x00000000c3b00000|  0%| F|  |TAMS 0x00000000c3a00000, 0x00000000c3a00000| Untracked 
|  37|0x00000000c3b00000, 0x00000000c3b00000, 0x00000000c3c00000|  0%| F|  |TAMS 0x00000000c3b00000, 0x00000000c3b00000| Untracked 
|  38|0x00000000c3c00000, 0x00000000c3c00000, 0x00000000c3d00000|  0%| F|  |TAMS 0x00000000c3c00000, 0x00000000c3c00000| Untracked 
|  39|0x00000000c3d00000, 0x00000000c3d00000, 0x00000000c3e00000|  0%| F|  |TAMS 0x00000000c3d00000, 0x00000000c3d00000| Untracked 
|  40|0x00000000c3e00000, 0x00000000c3e00000, 0x00000000c3f00000|  0%| F|  |TAMS 0x00000000c3e00000, 0x00000000c3e00000| Untracked 
|  41|0x00000000c3f00000, 0x00000000c3f00000, 0x00000000c4000000|  0%| F|  |TAMS 0x00000000c3f00000, 0x00000000c3f00000| Untracked 
|  42|0x00000000c4000000, 0x00000000c4000000, 0x00000000c4100000|  0%| F|  |TAMS 0x00000000c4000000, 0x00000000c4000000| Untracked 
|  43|0x00000000c4100000, 0x00000000c4100000, 0x00000000c4200000|  0%| F|  |TAMS 0x00000000c4100000, 0x00000000c4100000| Untracked 
|  44|0x00000000c4200000, 0x00000000c4200000, 0x00000000c4300000|  0%| F|  |TAMS 0x00000000c4200000, 0x00000000c4200000| Untracked 
|  45|0x00000000c4300000, 0x00000000c4300000, 0x00000000c4400000|  0%| F|  |TAMS 0x00000000c4300000, 0x00000000c4300000| Untracked 
|  46|0x00000000c4400000, 0x00000000c4400000, 0x00000000c4500000|  0%| F|  |TAMS 0x00000000c4400000, 0x00000000c4400000| Untracked 
|  47|0x00000000c4500000, 0x00000000c4500000, 0x00000000c4600000|  0%| F|  |TAMS 0x00000000c4500000, 0x00000000c4500000| Untracked 
|  48|0x00000000c4600000, 0x00000000c4600000, 0x00000000c4700000|  0%| F|  |TAMS 0x00000000c4600000, 0x00000000c4600000| Untracked 
|  49|0x00000000c4700000, 0x00000000c4700000, 0x00000000c4800000|  0%| F|  |TAMS 0x00000000c4700000, 0x00000000c4700000| Untracked 
|  50|0x00000000c4800000, 0x00000000c4800000, 0x00000000c4900000|  0%| F|  |TAMS 0x00000000c4800000, 0x00000000c4800000| Untracked 
|  51|0x00000000c4900000, 0x00000000c4900000, 0x00000000c4a00000|  0%| F|  |TAMS 0x00000000c4900000, 0x00000000c4900000| Untracked 
|  52|0x00000000c4a00000, 0x00000000c4a00000, 0x00000000c4b00000|  0%| F|  |TAMS 0x00000000c4a00000, 0x00000000c4a00000| Untracked 
|  53|0x00000000c4b00000, 0x00000000c4b00000, 0x00000000c4c00000|  0%| F|  |TAMS 0x00000000c4b00000, 0x00000000c4b00000| Untracked 
|  54|0x00000000c4c00000, 0x00000000c4c00000, 0x00000000c4d00000|  0%| F|  |TAMS 0x00000000c4c00000, 0x00000000c4c00000| Untracked 
|  55|0x00000000c4d00000, 0x00000000c4df3418, 0x00000000c4e00000| 95%| S|CS|TAMS 0x00000000c4d00000, 0x00000000c4d00000| Complete 
|  56|0x00000000c4e00000, 0x00000000c4e00000, 0x00000000c4f00000|  0%| F|  |TAMS 0x00000000c4e00000, 0x00000000c4e00000| Untracked 
|  57|0x00000000c4f00000, 0x00000000c4f00000, 0x00000000c5000000|  0%| F|  |TAMS 0x00000000c4f00000, 0x00000000c4f00000| Untracked 
|  58|0x00000000c5000000, 0x00000000c5000000, 0x00000000c5100000|  0%| F|  |TAMS 0x00000000c5000000, 0x00000000c5000000| Untracked 
|  59|0x00000000c5100000, 0x00000000c5100000, 0x00000000c5200000|  0%| F|  |TAMS 0x00000000c5100000, 0x00000000c5100000| Untracked 
|  60|0x00000000c5200000, 0x00000000c5200000, 0x00000000c5300000|  0%| F|  |TAMS 0x00000000c5200000, 0x00000000c5200000| Untracked 
|  61|0x00000000c5300000, 0x00000000c537d610, 0x00000000c5400000| 48%| E|  |TAMS 0x00000000c5300000, 0x00000000c5300000| Complete 
|  62|0x00000000c5400000, 0x00000000c5500000, 0x00000000c5500000|100%| E|  |TAMS 0x00000000c5400000, 0x00000000c5400000| Complete 
|  63|0x00000000c5500000, 0x00000000c5600000, 0x00000000c5600000|100%| E|CS|TAMS 0x00000000c5500000, 0x00000000c5500000| Complete 

Card table byte_map: [0x000001a3dd9d0000,0x000001a3ddbd0000] _byte_map_base: 0x000001a3dd3c5000

Marking Bits (Prev, Next): (CMBitMap*) 0x000001a3c71a23a0, (CMBitMap*) 0x000001a3c71a23e0
 Prev Bits: [0x000001a3dddd0000, 0x000001a3ded78000)
 Next Bits: [0x000001a3ded80000, 0x000001a3dfd28000)

Polling page: 0x000001a3c4f30000

Metaspace:

Usage:
  Non-class:      3.03 MB used.
      Class:    439.20 KB used.
       Both:      3.46 MB used.

Virtual space:
  Non-class space:        8.00 MB reserved,       3.06 MB ( 38%) committed,  1 nodes.
      Class space:        1.00 GB reserved,     512.00 KB ( <1%) committed,  1 nodes.
             Both:        1.01 GB reserved,       3.56 MB ( <1%) committed. 

Chunk freelists:
   Non-Class:  2.12 MB
       Class:  3.39 MB
        Both:  5.51 MB

MaxMetaspaceSize: unlimited
CompressedClassSpaceSize: 1.00 GB
Initial GC threshold: 21.00 MB
Current GC threshold: 21.00 MB
CDS: on
MetaspaceReclaimPolicy: balanced
 - commit_granule_bytes: 65536.
 - commit_granule_words: 8192.
 - virtual_space_node_default_size: 1048576.
 - enlarge_chunks_in_place: 1.
 - new_chunks_are_fully_committed: 0.
 - uncommit_free_chunks: 1.
 - use_allocation_guard: 0.
 - handle_deallocations: 1.


Internal statistics:

num_allocs_failed_limit: 0.
num_arena_births: 88.
num_arena_deaths: 0.
num_vsnodes_births: 2.
num_vsnodes_deaths: 0.
num_space_committed: 57.
num_space_uncommitted: 0.
num_chunks_returned_to_freelist: 0.
num_chunks_taken_from_freelist: 202.
num_chunk_merges: 0.
num_chunk_splits: 127.
num_chunks_enlarged: 93.
num_purges: 0.
num_inconsistent_stats: 0.

CodeHeap 'non-profiled nmethods': size=120064Kb used=246Kb max_used=246Kb free=119817Kb
 bounds [0x000001a3d6490000, 0x000001a3d6700000, 0x000001a3dd9d0000]
CodeHeap 'profiled nmethods': size=120000Kb used=1114Kb max_used=1114Kb free=118885Kb
 bounds [0x000001a3cef60000, 0x000001a3cf1d0000, 0x000001a3d6490000]
CodeHeap 'non-nmethods': size=5696Kb used=1153Kb max_used=1163Kb free=4542Kb
 bounds [0x000001a3ce9d0000, 0x000001a3cec40000, 0x000001a3cef60000]
 total_blobs=1213 nmethods=766 adapters=361
 compilation: enabled
              stopped_count=0, restarted_count=0
 full_count=0

Compilation events (20 events):
Event: 4.114 Thread 0x000001a3e1f42050  757   !   3       jdk.internal.loader.BuiltinClassLoader::defineClass (162 bytes)
Event: 4.121 Thread 0x000001a3e1f42050 nmethod 757 0x000001a3cf06e990 code [0x000001a3cf06ee20, 0x000001a3cf071498]
Event: 4.129 Thread 0x000001a3e1f42050  758       3       java.lang.ClassLoader::compareCerts (197 bytes)
Event: 4.130 Thread 0x000001a3e1f42050 nmethod 758 0x000001a3cf072610 code [0x000001a3cf072820, 0x000001a3cf0730d8]
Event: 4.143 Thread 0x000001a3e1f42050  759       3       java.lang.StringBuilder::<init> (6 bytes)
Event: 4.144 Thread 0x000001a3e1f42050 nmethod 759 0x000001a3cf073390 code [0x000001a3cf073520, 0x000001a3cf073668]
Event: 4.153 Thread 0x000001a3e1f42050  760       3       java.nio.Buffer::scope (17 bytes)
Event: 4.154 Thread 0x000001a3e1f42050 nmethod 760 0x000001a3cf073710 code [0x000001a3cf0738c0, 0x000001a3cf073a68]
Event: 4.154 Thread 0x000001a3e1f42050  761       3       java.nio.Buffer::checkIndex (22 bytes)
Event: 4.154 Thread 0x000001a3e1f42050 nmethod 761 0x000001a3cf073b10 code [0x000001a3cf073cc0, 0x000001a3cf073f28]
Event: 4.155 Thread 0x000001a3e1f42050  762   !   3       java.nio.DirectByteBuffer::get (34 bytes)
Event: 4.156 Thread 0x000001a3e1f42050 nmethod 762 0x000001a3cf074010 code [0x000001a3cf074240, 0x000001a3cf074a98]
Event: 4.157 Thread 0x000001a3e1f42050  764       3       java.nio.DirectByteBuffer::ix (10 bytes)
Event: 4.158 Thread 0x000001a3e1f42050 nmethod 764 0x000001a3cf074f10 code [0x000001a3cf0750a0, 0x000001a3cf0751b8]
Event: 4.161 Thread 0x000001a3e1f42050  765       3       jdk.internal.jimage.ImageStringsReader::unmaskedHashCode (166 bytes)
Event: 4.163 Thread 0x000001a3e1f42050 nmethod 765 0x000001a3cf075290 code [0x000001a3cf0754e0, 0x000001a3cf0760d8]
Event: 4.164 Thread 0x000001a3e1f42050  766       1       java.nio.Buffer::limit (5 bytes)
Event: 4.164 Thread 0x000001a3e1f42050 nmethod 766 0x000001a3d64cd310 code [0x000001a3d64cd4a0, 0x000001a3d64cd578]
Event: 4.211 Thread 0x000001a3e1f42050  768       3       java.io.WinNTFileSystem::isSlash (18 bytes)
Event: 4.211 Thread 0x000001a3e1f42050 nmethod 768 0x000001a3cf076610 code [0x000001a3cf0767a0, 0x000001a3cf076938]

GC Heap History (4 events):
Event: 1.678 GC heap before
{Heap before GC invocations=0 (full 0):
 garbage-first heap   total 65536K, used 5120K [0x00000000c1600000, 0x0000000100000000)
  region size 1024K, 6 young (6144K), 0 survivors (0K)
 Metaspace       used 510K, committed 704K, reserved 1056768K
  class space    used 32K, committed 128K, reserved 1048576K
}
Event: 1.690 GC heap after
{Heap after GC invocations=1 (full 0):
 garbage-first heap   total 65536K, used 708K [0x00000000c1600000, 0x0000000100000000)
  region size 1024K, 1 young (1024K), 1 survivors (1024K)
 Metaspace       used 510K, committed 704K, reserved 1056768K
  class space    used 32K, committed 128K, reserved 1048576K
}
Event: 4.019 GC heap before
{Heap before GC invocations=1 (full 0):
 garbage-first heap   total 65536K, used 7876K [0x00000000c1600000, 0x0000000100000000)
  region size 1024K, 8 young (8192K), 1 survivors (1024K)
 Metaspace       used 2737K, committed 2880K, reserved 1056768K
  class space    used 303K, committed 384K, reserved 1048576K
}
Event: 4.028 GC heap after
{Heap after GC invocations=2 (full 0):
 garbage-first heap   total 65536K, used 1642K [0x00000000c1600000, 0x0000000100000000)
  region size 1024K, 1 young (1024K), 1 survivors (1024K)
 Metaspace       used 2737K, committed 2880K, reserved 1056768K
  class space    used 303K, committed 384K, reserved 1048576K
}

Deoptimization events (20 events):
Event: 1.806 Thread 0x000001a3c7174160 DEOPT PACKING pc=0x000001a3d64a2728 sp=0x00000047343fe1e0
Event: 1.807 Thread 0x000001a3c7174160 DEOPT UNPACKING pc=0x000001a3cea2239d sp=0x00000047343fe188 mode 2
Event: 3.058 Thread 0x000001a3c7174160 DEOPT PACKING pc=0x000001a3cefe1756 sp=0x00000047343fa140
Event: 3.058 Thread 0x000001a3c7174160 DEOPT UNPACKING pc=0x000001a3cea22b24 sp=0x00000047343f95c8 mode 0
Event: 3.953 Thread 0x000001a3e30dc540 Uncommon trap: trap_request=0xffffffde fr.pc=0x000001a3d64ca8ac relative=0x000000000000010c
Event: 3.953 Thread 0x000001a3e30dc540 Uncommon trap: reason=class_check action=maybe_recompile pc=0x000001a3d64ca8ac method=jdk.internal.misc.Unsafe.allocateUninitializedArray(Ljava/lang/Class;I)Ljava/lang/Object; @ 51 c2
Event: 3.953 Thread 0x000001a3e30dc540 DEOPT PACKING pc=0x000001a3d64ca8ac sp=0x0000004735afd950
Event: 3.953 Thread 0x000001a3e30dc540 DEOPT UNPACKING pc=0x000001a3cea2239d sp=0x0000004735afd8d8 mode 2
Event: 3.953 Thread 0x000001a3e30dc540 Uncommon trap: trap_request=0xffffffde fr.pc=0x000001a3d64ca8ac relative=0x000000000000010c
Event: 3.953 Thread 0x000001a3e30dc540 Uncommon trap: reason=class_check action=maybe_recompile pc=0x000001a3d64ca8ac method=jdk.internal.misc.Unsafe.allocateUninitializedArray(Ljava/lang/Class;I)Ljava/lang/Object; @ 51 c2
Event: 3.953 Thread 0x000001a3e30dc540 DEOPT PACKING pc=0x000001a3d64ca8ac sp=0x0000004735afd910
Event: 3.953 Thread 0x000001a3e30dc540 DEOPT UNPACKING pc=0x000001a3cea2239d sp=0x0000004735afd898 mode 2
Event: 3.955 Thread 0x000001a3e30dc540 Uncommon trap: trap_request=0xffffffde fr.pc=0x000001a3d64ca8ac relative=0x000000000000010c
Event: 3.955 Thread 0x000001a3e30dc540 Uncommon trap: reason=class_check action=maybe_recompile pc=0x000001a3d64ca8ac method=jdk.internal.misc.Unsafe.allocateUninitializedArray(Ljava/lang/Class;I)Ljava/lang/Object; @ 51 c2
Event: 3.958 Thread 0x000001a3e30dc540 DEOPT PACKING pc=0x000001a3d64ca8ac sp=0x0000004735afd950
Event: 3.958 Thread 0x000001a3e30dc540 DEOPT UNPACKING pc=0x000001a3cea2239d sp=0x0000004735afd8d8 mode 2
Event: 3.962 Thread 0x000001a3c7174160 Uncommon trap: trap_request=0xffffffde fr.pc=0x000001a3d64ca8ac relative=0x000000000000010c
Event: 3.962 Thread 0x000001a3c7174160 Uncommon trap: reason=class_check action=maybe_recompile pc=0x000001a3d64ca8ac method=jdk.internal.misc.Unsafe.allocateUninitializedArray(Ljava/lang/Class;I)Ljava/lang/Object; @ 51 c2
Event: 3.962 Thread 0x000001a3c7174160 DEOPT PACKING pc=0x000001a3d64ca8ac sp=0x00000047343fdcb0
Event: 3.962 Thread 0x000001a3c7174160 DEOPT UNPACKING pc=0x000001a3cea2239d sp=0x00000047343fdc38 mode 2

Classes unloaded (0 events):
No events

Classes redefined (0 events):
No events

Internal exceptions (16 events):
Event: 0.821 Thread 0x000001a3c7174160 Exception <a 'sun/nio/fs/WindowsException'{0x00000000c55ef720}> (0x00000000c55ef720) 
thrown [t:\workspace\open\src\hotspot\share\prims\jni.cpp, line 516]
Event: 0.823 Thread 0x000001a3c7174160 Exception <a 'sun/nio/fs/WindowsException'{0x00000000c55efd80}> (0x00000000c55efd80) 
thrown [t:\workspace\open\src\hotspot\share\prims\jni.cpp, line 516]
Event: 0.830 Thread 0x000001a3c7174160 Exception <a 'sun/nio/fs/WindowsException'{0x00000000c55f2748}> (0x00000000c55f2748) 
thrown [t:\workspace\open\src\hotspot\share\prims\jni.cpp, line 516]
Event: 0.831 Thread 0x000001a3c7174160 Exception <a 'sun/nio/fs/WindowsException'{0x00000000c55f36c0}> (0x00000000c55f36c0) 
thrown [t:\workspace\open\src\hotspot\share\prims\jni.cpp, line 516]
Event: 0.832 Thread 0x000001a3c7174160 Exception <a 'sun/nio/fs/WindowsException'{0x00000000c55f4640}> (0x00000000c55f4640) 
thrown [t:\workspace\open\src\hotspot\share\prims\jni.cpp, line 516]
Event: 1.897 Thread 0x000001a3c7174160 Exception <a 'java/lang/NoSuchMethodError'{0x00000000c55e28b8}: 'java.lang.Object java.lang.invoke.DirectMethodHandle$Holder.invokeStaticInit(java.lang.Object)'> (0x00000000c55e28b8) 
thrown [t:\workspace\open\src\hotspot\share\interpreter\linkResolver.cpp, line 766]
Event: 1.913 Thread 0x000001a3c7174160 Exception <a 'java/lang/NoSuchMethodError'{0x00000000c55ea4a8}: 'void java.lang.invoke.DirectMethodHandle$Holder.invokeStatic(java.lang.Object, java.lang.Object)'> (0x00000000c55ea4a8) 
thrown [t:\workspace\open\src\hotspot\share\interpreter\linkResolver.cpp, line 766]
Event: 3.265 Thread 0x000001a3c7174160 Exception <a 'java/lang/NoSuchMethodError'{0x00000000c5102308}: 'void java.lang.invoke.DirectMethodHandle$Holder.invokeSpecial(java.lang.Object, java.lang.Object, java.lang.Object)'> (0x00000000c5102308) 
thrown [t:\workspace\open\src\hotspot\share\interpreter\linkResolver.cpp, line 766]
Event: 3.311 Thread 0x000001a3c7174160 Exception <a 'java/lang/NoSuchMethodError'{0x00000000c5139540}: 'void java.lang.invoke.DirectMethodHandle$Holder.invokeStatic(java.lang.Object, java.lang.Object, java.lang.Object)'> (0x00000000c5139540) 
thrown [t:\workspace\open\src\hotspot\share\interpreter\linkResolver.cpp, line 766]
Event: 3.483 Thread 0x000001a3c7174160 Exception <a 'java/lang/NoSuchMethodError'{0x00000000c51a61c8}: 'int java.lang.invoke.DirectMethodHandle$Holder.invokeStaticInit(java.lang.Object, java.lang.Object, java.lang.Object)'> (0x00000000c51a61c8) 
thrown [t:\workspace\open\src\hotspot\share\interpreter\linkResolver.cpp, line 766]
Event: 3.606 Thread 0x000001a3c7174160 Exception <a 'java/lang/NoSuchMethodError'{0x00000000c506d328}: 'java.lang.Object java.lang.invoke.DirectMethodHandle$Holder.newInvokeSpecial(java.lang.Object, java.lang.Object, int, java.lang.Object)'> (0x00000000c506d328) 
thrown [t:\workspace\open\src\hotspot\share\interpreter\linkResolver.cpp, line 766]
Event: 3.611 Thread 0x000001a3c7174160 Exception <a 'java/lang/NoSuchMethodError'{0x00000000c5071708}: 'java.lang.Object java.lang.invoke.DirectMethodHandle$Holder.invokeSpecial(java.lang.Object, java.lang.Object, java.lang.Object, int, java.lang.Object)'> (0x00000000c5071708) 
thrown [t:\workspace\open\src\hotspot\share\interpreter\linkResolver.cpp, line 766]
Event: 3.937 Thread 0x000001a3e30dc540 Exception <a 'java/lang/NoSuchMethodError'{0x00000000c4e76190}: 'void java.lang.invoke.DirectMethodHandle$Holder.invokeStaticInit(java.lang.Object)'> (0x00000000c4e76190) 
thrown [t:\workspace\open\src\hotspot\share\interpreter\linkResolver.cpp, line 766]
Event: 3.964 Thread 0x000001a3c7174160 Exception <a 'java/lang/NoSuchMethodError'{0x00000000c4e9e788}: 'java.lang.Object java.lang.invoke.DirectMethodHandle$Holder.newInvokeSpecial(java.lang.Object, java.lang.Object, java.lang.Object, java.lang.Object, java.lang.Object, java.lang.Object)'> (0x00000000c4e9e788) 
thrown [t:\workspace\open\src\hotspot\share\interpreter\linkResolver.cpp, line 766]
Event: 4.012 Thread 0x000001a3c7174160 Exception <a 'java/lang/NoSuchMethodError'{0x00000000c4ee1738}: 'java.lang.Object java.lang.invoke.DirectMethodHandle$Holder.newInvokeSpecial(java.lang.Object, java.lang.Object, java.lang.Object, java.lang.Object, java.lang.Object)'> (0x00000000c4ee1738) 
thrown [t:\workspace\open\src\hotspot\share\interpreter\linkResolver.cpp, line 766]
Event: 4.031 Thread 0x000001a3e302fa60 Exception <a 'java/lang/NoSuchMethodError'{0x00000000c5504338}: 'void java.lang.invoke.DirectMethodHandle$Holder.invokeStatic(java.lang.Object, java.lang.Object, java.lang.Object, java.lang.Object)'> (0x00000000c5504338) 
thrown [t:\workspace\open\src\hotspot\share\interpreter\linkResolver.cpp, line 766]

VM Operations (14 events):
Event: 0.860 Executing VM operation: HandshakeAllThreads
Event: 0.860 Executing VM operation: HandshakeAllThreads done
Event: 1.627 Executing VM operation: HandshakeAllThreads
Event: 1.628 Executing VM operation: HandshakeAllThreads done
Event: 1.628 Executing VM operation: Cleanup
Event: 1.628 Executing VM operation: Cleanup done
Event: 1.678 Executing VM operation: G1CollectForAllocation
Event: 1.690 Executing VM operation: G1CollectForAllocation done
Event: 3.540 Executing VM operation: HandshakeAllThreads
Event: 3.540 Executing VM operation: HandshakeAllThreads done
Event: 3.540 Executing VM operation: Cleanup
Event: 3.540 Executing VM operation: Cleanup done
Event: 4.018 Executing VM operation: G1CollectForAllocation
Event: 4.028 Executing VM operation: G1CollectForAllocation done

Events (20 events):
Event: 4.175 loading class javax/xml/stream/XMLStreamReader done
Event: 4.188 loading class sun/net/www/protocol/jrt/Handler
Event: 4.188 loading class sun/net/www/protocol/jrt/Handler done
Event: 4.211 loading class sun/net/www/protocol/file/FileURLConnection
Event: 4.212 loading class sun/net/www/URLConnection
Event: 4.213 loading class java/net/URLConnection
Event: 4.215 loading class java/net/URLConnection done
Event: 4.215 loading class sun/net/www/URLConnection done
Event: 4.216 loading class sun/net/www/protocol/file/FileURLConnection done
Event: 4.216 loading class sun/net/www/MessageHeader
Event: 4.218 loading class sun/net/www/MessageHeader done
Event: 4.219 loading class sun/net/ProgressMonitor
Event: 4.220 loading class sun/net/ProgressMonitor done
Event: 4.220 loading class sun/net/DefaultProgressMeteringPolicy
Event: 4.221 loading class sun/net/ProgressMeteringPolicy
Event: 4.221 loading class sun/net/ProgressMeteringPolicy done
Event: 4.221 loading class sun/net/DefaultProgressMeteringPolicy done
Event: 4.224 loading class javax/xml/stream/XMLInputFactory
Event: 4.225 loading class javax/xml/stream/XMLInputFactory done
Event: 4.225 loading class javax/xml/stream/FactoryFinder


Dynamic libraries:
0x00007ff73bce0000 - 0x00007ff73bcf0000 	C:\Program Files\Java\jdk-17.0.2\bin\java.exe
0x00007ffe014f0000 - 0x00007ffe016e8000 	C:\WINDOWS\SYSTEM32\ntdll.dll
0x00007ffdeb150000 - 0x00007ffdeb167000 	C:\Program Files\Avast Software\Avast\aswhook.dll
0x00007ffe00e20000 - 0x00007ffe00edf000 	C:\WINDOWS\System32\KERNEL32.DLL
0x00007ffdff060000 - 0x00007ffdff332000 	C:\WINDOWS\System32\KERNELBASE.dll
0x00007ffdfef60000 - 0x00007ffdff060000 	C:\WINDOWS\System32\ucrtbase.dll
0x00007ffdf8d70000 - 0x00007ffdf8d88000 	C:\Program Files\Java\jdk-17.0.2\bin\jli.dll
0x00007ffe00690000 - 0x00007ffe0073e000 	C:\WINDOWS\System32\ADVAPI32.dll
0x00007ffe00920000 - 0x00007ffe009be000 	C:\WINDOWS\System32\msvcrt.dll
0x00007ffe009f0000 - 0x00007ffe00a8c000 	C:\WINDOWS\System32\sechost.dll
0x00007ffe012b0000 - 0x00007ffe013d5000 	C:\WINDOWS\System32\RPCRT4.dll
0x00007ffe010b0000 - 0x00007ffe0124d000 	C:\WINDOWS\System32\USER32.dll
0x00007ffdff3b0000 - 0x00007ffdff3d2000 	C:\WINDOWS\System32\win32u.dll
0x00007ffe009c0000 - 0x00007ffe009eb000 	C:\WINDOWS\System32\GDI32.dll
0x00007ffdfed00000 - 0x00007ffdfee0f000 	C:\WINDOWS\System32\gdi32full.dll
0x00007ffdfeec0000 - 0x00007ffdfef5d000 	C:\WINDOWS\System32\msvcp_win.dll
0x00007ffdf8cc0000 - 0x00007ffdf8cda000 	C:\Program Files\Java\jdk-17.0.2\bin\VCRUNTIME140.dll
0x00007ffdedf30000 - 0x00007ffdee1ca000 	C:\WINDOWS\WinSxS\amd64_microsoft.windows.common-controls_6595b64144ccf1df_6.0.19041.1110_none_60b5254171f9507e\COMCTL32.dll
0x00007ffdf5d10000 - 0x00007ffdf5d1a000 	C:\WINDOWS\SYSTEM32\VERSION.dll
0x00007ffe00c90000 - 0x00007ffe00cc2000 	C:\WINDOWS\System32\IMM32.DLL
0x00007ffdf9b80000 - 0x00007ffdf9b8c000 	C:\Program Files\Java\jdk-17.0.2\bin\vcruntime140_1.dll
0x00007ffdd6580000 - 0x00007ffdd660d000 	C:\Program Files\Java\jdk-17.0.2\bin\msvcp140.dll
0x00007ffd9a940000 - 0x00007ffd9b501000 	C:\Program Files\Java\jdk-17.0.2\bin\server\jvm.dll
0x00007ffe010a0000 - 0x00007ffe010a8000 	C:\WINDOWS\System32\PSAPI.DLL
0x00007ffdfd320000 - 0x00007ffdfd329000 	C:\WINDOWS\SYSTEM32\WSOCK32.dll
0x00007ffe013e0000 - 0x00007ffe0144b000 	C:\WINDOWS\System32\WS2_32.dll
0x00007ffdd8040000 - 0x00007ffdd8067000 	C:\WINDOWS\SYSTEM32\WINMM.dll
0x00007ffdfd490000 - 0x00007ffdfd4a2000 	C:\WINDOWS\SYSTEM32\kernel.appcore.dll
0x00007ffdf3550000 - 0x00007ffdf355a000 	C:\Program Files\Java\jdk-17.0.2\bin\jimage.dll
0x00007ffdfd110000 - 0x00007ffdfd2f4000 	C:\WINDOWS\SYSTEM32\DBGHELP.DLL
0x00007ffde8ff0000 - 0x00007ffde901c000 	C:\WINDOWS\SYSTEM32\dbgcore.DLL
0x00007ffdfec40000 - 0x00007ffdfecc2000 	C:\WINDOWS\System32\bcryptPrimitives.dll
0x00007ffdf33f0000 - 0x00007ffdf3415000 	C:\Program Files\Java\jdk-17.0.2\bin\java.dll
0x00007ffdd6610000 - 0x00007ffdd66e6000 	C:\Program Files\Java\jdk-17.0.2\bin\jsvml.dll
0x00007ffdffd10000 - 0x00007ffe00453000 	C:\WINDOWS\System32\SHELL32.dll
0x00007ffdfc8b0000 - 0x00007ffdfd042000 	C:\WINDOWS\SYSTEM32\windows.storage.dll
0x00007ffdff9b0000 - 0x00007ffdffd04000 	C:\WINDOWS\System32\combase.dll
0x00007ffdfe570000 - 0x00007ffdfe5a0000 	C:\WINDOWS\SYSTEM32\Wldp.dll
0x00007ffe00ee0000 - 0x00007ffe00f8d000 	C:\WINDOWS\System32\SHCORE.dll
0x00007ffe01020000 - 0x00007ffe01075000 	C:\WINDOWS\System32\shlwapi.dll
0x00007ffdfeb30000 - 0x00007ffdfeb4f000 	C:\WINDOWS\SYSTEM32\profapi.dll
0x00007ffdf3350000 - 0x00007ffdf3369000 	C:\Program Files\Java\jdk-17.0.2\bin\net.dll
0x00007ffded790000 - 0x00007ffded89c000 	C:\WINDOWS\SYSTEM32\WINHTTP.dll
0x00007ffdfe2d0000 - 0x00007ffdfe33a000 	C:\WINDOWS\system32\mswsock.dll
0x00007ffdf2530000 - 0x00007ffdf2546000 	C:\Program Files\Java\jdk-17.0.2\bin\nio.dll
0x00007ffdf11d0000 - 0x00007ffdf11e8000 	C:\Program Files\Java\jdk-17.0.2\bin\zip.dll
0x000001a3c5300000 - 0x000001a3c5303000 	C:\Users\Océane\Downloads\openjfx-19_windows-x64_bin-sdk\javafx-sdk-19\bin\api-ms-win-core-console-l1-1-0.dll
0x000001a3c5310000 - 0x000001a3c5313000 	C:\Users\Océane\Downloads\openjfx-19_windows-x64_bin-sdk\javafx-sdk-19\bin\api-ms-win-core-console-l1-2-0.dll
0x000001a3c5320000 - 0x000001a3c5323000 	C:\Users\Océane\Downloads\openjfx-19_windows-x64_bin-sdk\javafx-sdk-19\bin\api-ms-win-core-datetime-l1-1-0.dll
0x000001a3c7070000 - 0x000001a3c7073000 	C:\Users\Océane\Downloads\openjfx-19_windows-x64_bin-sdk\javafx-sdk-19\bin\api-ms-win-core-debug-l1-1-0.dll
0x000001a3c7080000 - 0x000001a3c7083000 	C:\Users\Océane\Downloads\openjfx-19_windows-x64_bin-sdk\javafx-sdk-19\bin\api-ms-win-core-errorhandling-l1-1-0.dll
0x000001a3c7090000 - 0x000001a3c7094000 	C:\Users\Océane\Downloads\openjfx-19_windows-x64_bin-sdk\javafx-sdk-19\bin\api-ms-win-core-file-l1-1-0.dll
0x000001a3c70a0000 - 0x000001a3c70a3000 	C:\Users\Océane\Downloads\openjfx-19_windows-x64_bin-sdk\javafx-sdk-19\bin\api-ms-win-core-file-l1-2-0.dll
0x000001a3c70b0000 - 0x000001a3c70b3000 	C:\Users\Océane\Downloads\openjfx-19_windows-x64_bin-sdk\javafx-sdk-19\bin\api-ms-win-core-file-l2-1-0.dll
0x000001a3c70c0000 - 0x000001a3c70c3000 	C:\Users\Océane\Downloads\openjfx-19_windows-x64_bin-sdk\javafx-sdk-19\bin\api-ms-win-core-handle-l1-1-0.dll
0x000001a3c70d0000 - 0x000001a3c70d3000 	C:\Users\Océane\Downloads\openjfx-19_windows-x64_bin-sdk\javafx-sdk-19\bin\api-ms-win-core-heap-l1-1-0.dll
0x000001a3c70e0000 - 0x000001a3c70e3000 	C:\Users\Océane\Downloads\openjfx-19_windows-x64_bin-sdk\javafx-sdk-19\bin\api-ms-win-core-interlocked-l1-1-0.dll
0x000001a3c70f0000 - 0x000001a3c70f3000 	C:\Users\Océane\Downloads\openjfx-19_windows-x64_bin-sdk\javafx-sdk-19\bin\api-ms-win-core-libraryloader-l1-1-0.dll
0x000001a3c7100000 - 0x000001a3c7103000 	C:\Users\Océane\Downloads\openjfx-19_windows-x64_bin-sdk\javafx-sdk-19\bin\api-ms-win-core-localization-l1-2-0.dll
0x000001a3c7110000 - 0x000001a3c7113000 	C:\Users\Océane\Downloads\openjfx-19_windows-x64_bin-sdk\javafx-sdk-19\bin\api-ms-win-core-memory-l1-1-0.dll
0x000001a3c7120000 - 0x000001a3c7123000 	C:\Users\Océane\Downloads\openjfx-19_windows-x64_bin-sdk\javafx-sdk-19\bin\api-ms-win-core-namedpipe-l1-1-0.dll
0x000001a3c7130000 - 0x000001a3c7133000 	C:\Users\Océane\Downloads\openjfx-19_windows-x64_bin-sdk\javafx-sdk-19\bin\api-ms-win-core-processenvironment-l1-1-0.dll
0x000001a3c7140000 - 0x000001a3c7143000 	C:\Users\Océane\Downloads\openjfx-19_windows-x64_bin-sdk\javafx-sdk-19\bin\api-ms-win-core-processthreads-l1-1-0.dll
0x000001a3e2170000 - 0x000001a3e2173000 	C:\Users\Océane\Downloads\openjfx-19_windows-x64_bin-sdk\javafx-sdk-19\bin\api-ms-win-core-processthreads-l1-1-1.dll
0x000001a3e2180000 - 0x000001a3e2183000 	C:\Users\Océane\Downloads\openjfx-19_windows-x64_bin-sdk\javafx-sdk-19\bin\api-ms-win-core-profile-l1-1-0.dll
0x000001a3e2190000 - 0x000001a3e2193000 	C:\Users\Océane\Downloads\openjfx-19_windows-x64_bin-sdk\javafx-sdk-19\bin\api-ms-win-core-rtlsupport-l1-1-0.dll
0x000001a3e21a0000 - 0x000001a3e21a3000 	C:\Users\Océane\Downloads\openjfx-19_windows-x64_bin-sdk\javafx-sdk-19\bin\api-ms-win-core-string-l1-1-0.dll
0x000001a3e21b0000 - 0x000001a3e21b3000 	C:\Users\Océane\Downloads\openjfx-19_windows-x64_bin-sdk\javafx-sdk-19\bin\api-ms-win-core-synch-l1-1-0.dll
0x000001a3e21c0000 - 0x000001a3e21c3000 	C:\Users\Océane\Downloads\openjfx-19_windows-x64_bin-sdk\javafx-sdk-19\bin\api-ms-win-core-synch-l1-2-0.dll
0x000001a3e21d0000 - 0x000001a3e21d3000 	C:\Users\Océane\Downloads\openjfx-19_windows-x64_bin-sdk\javafx-sdk-19\bin\api-ms-win-core-sysinfo-l1-1-0.dll
0x000001a3e21e0000 - 0x000001a3e21e3000 	C:\Users\Océane\Downloads\openjfx-19_windows-x64_bin-sdk\javafx-sdk-19\bin\api-ms-win-core-timezone-l1-1-0.dll
0x000001a3e21f0000 - 0x000001a3e21f3000 	C:\Users\Océane\Downloads\openjfx-19_windows-x64_bin-sdk\javafx-sdk-19\bin\api-ms-win-core-util-l1-1-0.dll
0x000001a3e2200000 - 0x000001a3e2203000 	C:\Users\Océane\Downloads\openjfx-19_windows-x64_bin-sdk\javafx-sdk-19\bin\api-ms-win-crt-conio-l1-1-0.dll
0x000001a3e2210000 - 0x000001a3e2214000 	C:\Users\Océane\Downloads\openjfx-19_windows-x64_bin-sdk\javafx-sdk-19\bin\api-ms-win-crt-convert-l1-1-0.dll
0x000001a3e2220000 - 0x000001a3e2223000 	C:\Users\Océane\Downloads\openjfx-19_windows-x64_bin-sdk\javafx-sdk-19\bin\api-ms-win-crt-environment-l1-1-0.dll
0x000001a3e2230000 - 0x000001a3e2233000 	C:\Users\Océane\Downloads\openjfx-19_windows-x64_bin-sdk\javafx-sdk-19\bin\api-ms-win-crt-filesystem-l1-1-0.dll
0x000001a3e2240000 - 0x000001a3e2243000 	C:\Users\Océane\Downloads\openjfx-19_windows-x64_bin-sdk\javafx-sdk-19\bin\api-ms-win-crt-heap-l1-1-0.dll
0x000001a3e2250000 - 0x000001a3e2253000 	C:\Users\Océane\Downloads\openjfx-19_windows-x64_bin-sdk\javafx-sdk-19\bin\api-ms-win-crt-locale-l1-1-0.dll
0x000001a3e2260000 - 0x000001a3e2265000 	C:\Users\Océane\Downloads\openjfx-19_windows-x64_bin-sdk\javafx-sdk-19\bin\api-ms-win-crt-math-l1-1-0.dll
0x000001a3e2270000 - 0x000001a3e2275000 	C:\Users\Océane\Downloads\openjfx-19_windows-x64_bin-sdk\javafx-sdk-19\bin\api-ms-win-crt-multibyte-l1-1-0.dll
0x000001a3e2280000 - 0x000001a3e2290000 	C:\Users\Océane\Downloads\openjfx-19_windows-x64_bin-sdk\javafx-sdk-19\bin\api-ms-win-crt-private-l1-1-0.dll
0x000001a3e2290000 - 0x000001a3e2293000 	C:\Users\Océane\Downloads\openjfx-19_windows-x64_bin-sdk\javafx-sdk-19\bin\api-ms-win-crt-process-l1-1-0.dll
0x000001a3e22a0000 - 0x000001a3e22a4000 	C:\Users\Océane\Downloads\openjfx-19_windows-x64_bin-sdk\javafx-sdk-19\bin\api-ms-win-crt-runtime-l1-1-0.dll
0x000001a3e22b0000 - 0x000001a3e22b4000 	C:\Users\Océane\Downloads\openjfx-19_windows-x64_bin-sdk\javafx-sdk-19\bin\api-ms-win-crt-stdio-l1-1-0.dll
0x000001a3e22c0000 - 0x000001a3e22c4000 	C:\Users\Océane\Downloads\openjfx-19_windows-x64_bin-sdk\javafx-sdk-19\bin\api-ms-win-crt-string-l1-1-0.dll
0x000001a3e22d0000 - 0x000001a3e22d3000 	C:\Users\Océane\Downloads\openjfx-19_windows-x64_bin-sdk\javafx-sdk-19\bin\api-ms-win-crt-time-l1-1-0.dll
0x000001a3e22e0000 - 0x000001a3e22e3000 	C:\Users\Océane\Downloads\openjfx-19_windows-x64_bin-sdk\javafx-sdk-19\bin\api-ms-win-crt-utility-l1-1-0.dll
0x00007ffdbd700000 - 0x00007ffdbd7fc000 	C:\Users\Océane\Downloads\openjfx-19_windows-x64_bin-sdk\javafx-sdk-19\bin\ucrtbase.dll
0x00007ffdf2410000 - 0x00007ffdf242b000 	C:\Users\Océane\Downloads\openjfx-19_windows-x64_bin-sdk\javafx-sdk-19\bin\vcruntime140.dll
0x00007ffdf8250000 - 0x00007ffdf825c000 	C:\Users\Océane\Downloads\openjfx-19_windows-x64_bin-sdk\javafx-sdk-19\bin\vcruntime140_1.dll
0x00007ffdc4940000 - 0x00007ffdc49ce000 	C:\Users\Océane\Downloads\openjfx-19_windows-x64_bin-sdk\javafx-sdk-19\bin\msvcp140.dll
0x00007ffdeb1a0000 - 0x00007ffdeb1a9000 	C:\Users\Océane\Downloads\openjfx-19_windows-x64_bin-sdk\javafx-sdk-19\bin\msvcp140_1.dll
0x00007ffdd9cf0000 - 0x00007ffdd9d20000 	C:\Users\Océane\Downloads\openjfx-19_windows-x64_bin-sdk\javafx-sdk-19\bin\msvcp140_2.dll
0x00007ffdc5a50000 - 0x00007ffdc5a7c000 	C:\Users\Océane\Downloads\openjfx-19_windows-x64_bin-sdk\javafx-sdk-19\bin\prism_d3d.dll
0x00007ffd95ca0000 - 0x00007ffd95e6f000 	C:\WINDOWS\system32\d3d9.dll
0x00007ffdfc3f0000 - 0x00007ffdfc41f000 	C:\WINDOWS\SYSTEM32\dwmapi.dll
0x00007ffdfbb50000 - 0x00007ffdfbbee000 	C:\WINDOWS\system32\uxtheme.dll
0x00007ffde23e0000 - 0x00007ffde23f2000 	C:\Users\Océane\Downloads\openjfx-19_windows-x64_bin-sdk\javafx-sdk-19\bin\prism_sw.dll
0x00007ffdc5200000 - 0x00007ffdc5242000 	C:\Users\Océane\Downloads\openjfx-19_windows-x64_bin-sdk\javafx-sdk-19\bin\glass.dll
0x00007ffe00a90000 - 0x00007ffe00b6a000 	C:\WINDOWS\System32\COMDLG32.dll
0x00007ffe00cd0000 - 0x00007ffe00dfa000 	C:\WINDOWS\System32\ole32.dll
0x00007ffe00740000 - 0x00007ffe0080d000 	C:\WINDOWS\System32\OLEAUT32.dll
0x00007ffe00b70000 - 0x00007ffe00c85000 	C:\WINDOWS\System32\MSCTF.dll

dbghelp: loaded successfully - version: 4.0.5 - missing functions: none
symbol engine: initialized successfully - sym options: 0x614 - pdb path: .;C:\Program Files\Java\jdk-17.0.2\bin;C:\WINDOWS\SYSTEM32;C:\Program Files\Avast Software\Avast;C:\WINDOWS\WinSxS\amd64_microsoft.windows.common-controls_6595b64144ccf1df_6.0.19041.1110_none_60b5254171f9507e;C:\Program Files\Java\jdk-17.0.2\bin\server;C:\Users\Océane\Downloads\openjfx-19_windows-x64_bin-sdk\javafx-sdk-19\bin

VM Arguments:
jvm_args: -Dfile.encoding=UTF-8 --module-path=%PATH_TO_FX%\lib --add-modules=javafx.controls,javafx.fxml,javafx.graphics --module-path=C:\Users\Océane\Downloads\Jeu2048-Cours06-L3-Patterns-Netbeans14\Jeu2048-Cours06-L3-Patterns-Netbeans14\build\classes;C:\Users\Océane\Downloads\openjfx-19_windows-x64_bin-sdk\javafx-sdk-19\lib\javafx-swt.jar;C:\Users\Océane\Downloads\openjfx-19_windows-x64_bin-sdk\javafx-sdk-19\lib\javafx.base.jar;C:\Users\Océane\Downloads\openjfx-19_windows-x64_bin-sdk\javafx-sdk-19\lib\javafx.controls.jar;C:\Users\Océane\Downloads\openjfx-19_windows-x64_bin-sdk\javafx-sdk-19\lib\javafx.fxml.jar;C:\Users\Océane\Downloads\openjfx-19_windows-x64_bin-sdk\javafx-sdk-19\lib\javafx.graphics.jar;C:\Users\Océane\Downloads\openjfx-19_windows-x64_bin-sdk\javafx-sdk-19\lib\javafx.media.jar;C:\Users\Océane\Downloads\openjfx-19_windows-x64_bin-sdk\javafx-sdk-19\lib\javafx.swing.jar;C:\Users\Océane\Downloads\openjfx-19_windows-x64_bin-sdk\javafx-sdk-19\lib\javafx.web.jar 
java_command: application.Main
java_class_path (initial): C:\Users\Océane\Downloads\Jeu2048-Cours06-L3-Patterns-Netbeans14\Jeu2048-Cours06-L3-Patterns-Netbeans14\build\classes
Launcher Type: SUN_STANDARD

[Global flags]
     intx CICompilerCount                          = 2                                         {product} {ergonomic}
     uint ConcGCThreads                            = 1                                         {product} {ergonomic}
     uint G1ConcRefinementThreads                  = 2                                         {product} {ergonomic}
   size_t G1HeapRegionSize                         = 1048576                                   {product} {ergonomic}
    uintx GCDrainStackTargetSize                   = 64                                        {product} {ergonomic}
   size_t InitialHeapSize                          = 67108864                                  {product} {ergonomic}
   size_t MarkStackSize                            = 4194304                                   {product} {ergonomic}
   size_t MaxHeapSize                              = 1050673152                                {product} {ergonomic}
   size_t MaxNewSize                               = 630194176                                 {product} {ergonomic}
   size_t MinHeapDeltaBytes                        = 1048576                                   {product} {ergonomic}
   size_t MinHeapSize                              = 8388608                                   {product} {ergonomic}
    uintx NonNMethodCodeHeapSize                   = 5826188                                {pd product} {ergonomic}
    uintx NonProfiledCodeHeapSize                  = 122916026                              {pd product} {ergonomic}
    uintx ProfiledCodeHeapSize                     = 122916026                              {pd product} {ergonomic}
    uintx ReservedCodeCacheSize                    = 251658240                              {pd product} {ergonomic}
     bool SegmentedCodeCache                       = true                                      {product} {ergonomic}
   size_t SoftMaxHeapSize                          = 1050673152                             {manageable} {ergonomic}
     bool UseCompressedClassPointers               = true                           {product lp64_product} {ergonomic}
     bool UseCompressedOops                        = true                           {product lp64_product} {ergonomic}
     bool UseG1GC                                  = true                                      {product} {ergonomic}
     bool UseLargePagesIndividualAllocation        = false                                  {pd product} {ergonomic}

Logging:
Log output configuration:
 #0: stdout all=warning uptime,level,tags
 #1: stderr all=off uptime,level,tags

Environment Variables:
PATH=C:\Program Files\Common Files\Oracle\Java\javapath;C:\Program Files (x86)\Common Files\Oracle\Java\javapath;C:\WINDOWS\system32;C:\WINDOWS;C:\WINDOWS\System32\Wbem;C:\WINDOWS\System32\WindowsPowerShell\v1.0\;C:\WINDOWS\System32\OpenSSH\;C:\Program Files\Git\cmd;C:\xampp\php;C:\ProgramData\ComposerSetup\bin;C:\Users\Océane\AppData\Local\Microsoft\WindowsApps;C:\Users\Océane\AppData\Local\Programs\Microsoft VS Code\bin;C:\Users\Océane\AppData\Roaming\Composer\vendor\bin;C:\Users\Océane\AppData\Local\GitHubDesktop\bin
USERNAME=Océane
OS=Windows_NT
PROCESSOR_IDENTIFIER=Intel64 Family 6 Model 76 Stepping 4, GenuineIntel



---------------  S Y S T E M  ---------------

OS:
 Windows 10 , 64 bit Build 19041 (10.0.19041.2251)
OS uptime: 8 days 3:54 hours

CPU: total 2 (initial active 2) (2 cores per cpu, 1 threads per core) family 6 model 76 stepping 4 microcode 0x411, cx8, cmov, fxsr, mmx, 3dnowpref, sse, sse2, sse3, ssse3, sse4.1, sse4.2, popcnt, tsc, tscinvbit, aes, erms, clmul, clflush

Memory: 4k page, system-wide physical 4001M (387M free)
TotalPageFile size 7020M (AvailPageFile size 0M)
current process WorkingSet (physical memory assigned to process): 55M, peak: 55M
current process commit charge ("private bytes"): 141M, peak: 146M

vm_info: Java HotSpot(TM) 64-Bit Server VM (17.0.2+8-LTS-86) for windows-amd64 JRE (17.0.2+8-LTS-86), built on Dec  7 2021 21:51:03 by "mach5one" with MS VC++ 16.8 / 16.9 (VS2019)

END.
